0 info it worked if it ends with ok
1 verbose cli [ '/home/fede/.nvm/versions/node/v6.14.4/bin/node',
1 verbose cli   '/home/fede/.nvm/versions/node/v6.14.4/bin/npm',
1 verbose cli   'start' ]
2 info using npm@3.10.10
3 info using node@v6.14.4
4 verbose run-script [ 'prestart', 'start', 'poststart' ]
5 info lifecycle trimet-mod-otp@0.1.0~prestart: trimet-mod-otp@0.1.0
6 verbose lifecycle trimet-mod-otp@0.1.0~prestart: unsafe-perm in lifecycle true
7 verbose lifecycle trimet-mod-otp@0.1.0~prestart: PATH: /home/fede/.nvm/versions/node/v6.14.4/lib/node_modules/npm/bin/node-gyp-bin:/home/fede/Progetti/openmove/app-otp/node_modules/.bin:/home/fede/Programmi/kube/kubectx:/home/fede/.krew/bin:/home/fede/Programmi/google-cloud-sdk/bin:/home/fede/.nvm/versions/node/v6.14.4/bin:/home/fede/go/bin:/home/fede/.local/bin:/usr/local/sbin:/usr/local/bin:/usr/sbin:/usr/bin:/sbin:/bin:/usr/games:/usr/local/games:/snap/bin
8 verbose lifecycle trimet-mod-otp@0.1.0~prestart: CWD: /home/fede/Progetti/openmove/app-otp
9 silly lifecycle trimet-mod-otp@0.1.0~prestart: Args: [ '-c', 'yarn' ]
10 silly lifecycle trimet-mod-otp@0.1.0~prestart: Returned: code: 1  signal: null
11 info lifecycle trimet-mod-otp@0.1.0~prestart: Failed to exec prestart script
12 verbose stack Error: trimet-mod-otp@0.1.0 prestart: `yarn`
12 verbose stack Exit status 1
12 verbose stack     at EventEmitter.<anonymous> (/home/fede/.nvm/versions/node/v6.14.4/lib/node_modules/npm/lib/utils/lifecycle.js:255:16)
12 verbose stack     at emitTwo (events.js:106:13)
12 verbose stack     at EventEmitter.emit (events.js:191:7)
12 verbose stack     at ChildProcess.<anonymous> (/home/fede/.nvm/versions/node/v6.14.4/lib/node_modules/npm/lib/utils/spawn.js:40:14)
12 verbose stack     at emitTwo (events.js:106:13)
12 verbose stack     at ChildProcess.emit (events.js:191:7)
12 verbose stack     at maybeClose (internal/child_process.js:920:16)
12 verbose stack     at Process.ChildProcess._handle.onexit (internal/child_process.js:230:5)
13 verbose pkgid trimet-mod-otp@0.1.0
14 verbose cwd /home/fede/Progetti/openmove/app-otp
15 error Linux 5.7.1-050701-generic
16 error argv "/home/fede/.nvm/versions/node/v6.14.4/bin/node" "/home/fede/.nvm/versions/node/v6.14.4/bin/npm" "start"
17 error node v6.14.4
18 error npm  v3.10.10
19 error code ELIFECYCLE
20 error trimet-mod-otp@0.1.0 prestart: `yarn`
20 error Exit status 1
21 error Failed at the trimet-mod-otp@0.1.0 prestart script 'yarn'.
21 error Make sure you have the latest version of node.js and npm installed.
21 error If you do, this is most likely a problem with the trimet-mod-otp package,
21 error not with npm itself.
21 error Tell the author that this fails on your system:
21 error     yarn
21 error You can get information on how to open an issue for this project with:
21 error     npm bugs trimet-mod-otp
21 error Or if that isn't available, you can get their info via:
21 error     npm owner ls trimet-mod-otp
21 error There is likely additional logging output above.
22 verbose exit [ 1, true ]
